<?xml version="1.0" encoding="UTF-8"?>
<!-- Generated by org.testng.reporters.JUnitReportReporter -->
<testsuite hostname="DESKTOP-MOUJJKK" name="testBrowser.TestBrowser" tests="1" failures="0" timestamp="19 Sep 2019 06:22:57 GMT" time="56.999" errors="0">
  <testcase name="testbrowser" time="56.999" classname="testBrowser.TestBrowser"/>
</testsuite> <!-- testBrowser.TestBrowser -->
