<?xml version="1.0" encoding="UTF-8"?>
<!-- Generated by org.testng.reporters.JUnitReportReporter -->
<testsuite hostname="DESKTOP-MOUJJKK" name="testBrowser.BrowserTest" tests="1" failures="0" timestamp="4 Dec 2019 16:23:14 GMT" time="12.059" errors="0">
  <testcase name="testbrowser" time="12.059" classname="testBrowser.BrowserTest"/>
</testsuite> <!-- testBrowser.BrowserTest -->
