<?xml version="1.0" encoding="UTF-8"?>
<!-- Generated by org.testng.reporters.JUnitReportReporter -->
<testsuite hostname="DESKTOP-MOUJJKK" name="testBrowser.siteTest" tests="1" failures="0" timestamp="4 Dec 2019 20:49:22 GMT" time="0.016" errors="0">
  <testcase name="creste_User" time="0.016" classname="testBrowser.siteTest"/>
</testsuite> <!-- testBrowser.siteTest -->
